<?xml version="1.0" encoding="utf-8"?>
<testsuites>
  <testsuite time="769.113" tests="2" failures="1" errors="1" cancelled="0" hostname="Desktop" id="65566" name="Automated - UipathProject_TestAutomation_Tests - 1.0.67069015-alpha.7" package="UipathProject_TestAutomation_Tests_Tests-1.0.67069015-alpha.7" timestamp="2021-02-15T06:21:17.49Z">
    <testcase assertions="3" classname="UipathProject_TestAutomation_Tests" name="Tests\Application\Demo\Application Tests.xaml" status="Failed" time="648.367">
      <failure message="Verification failed." type="Failure" />
      <system-out>Test case Tests\Application\Demo\Application Tests.xaml (v1.0.67069015-alpha.7) executed as job 35105618 and took 648367ms. Logs are available at https://cloud.uipath.com/testisltfbgw/TestingXpertsDefault/test/executions/65566/logs/35105618?fid=667126</system-out>
    </testcase>
    <testcase assertions="0" classname="UipathProject_TestAutomation_Tests" name="Tests\RPA\RPA Tests.xaml" status="Failed" time="119.153">
      <error message="A fault occurred while executing job 35105619 for Tests\RPA\RPA Tests.xaml. Logs are available at https://cloud.uipath.com/testisltfbgw/TestingXpertsDefault/test/executions/65566/logs/35105619?fid=667126" type="Fault" />
      <system-out>Test case Tests\RPA\RPA Tests.xaml (v1.0.67069015-alpha.7) executed as job 35105619 and took 119153ms. Logs are available at https://cloud.uipath.com/testisltfbgw/TestingXpertsDefault/test/executions/65566/logs/35105619?fid=667126</system-out>
    </testcase>
  </testsuite>
</testsuites>