<?xml version="1.0" encoding="utf-8"?>
<testsuites>
  <testsuite time="637.517" tests="2" failures="1" errors="1" cancelled="0" hostname="Desktop" id="65907" name="Automated - UipathProject_TestAutomation_Tests - 1.0.67415726-alpha.7" package="UipathProject_TestAutomation_Tests_Tests-1.0.67415726-alpha.7" timestamp="2021-02-19T06:39:00.883Z">
    <testcase assertions="3" classname="UipathProject_TestAutomation_Tests" name="Tests\Application\Demo\Application Tests.xaml" status="Failed" time="594.41">
      <failure message="Verification failed." type="Failure" />
      <system-out>Test case Tests\Application\Demo\Application Tests.xaml (v1.0.67415726-alpha.7) executed as job 35651667 and took 594410ms. Logs are available at https://cloud.uipath.com/testisltfbgw/TestingXpertsDefault/test/executions/65907/logs/35651667?fid=667126</system-out>
    </testcase>
    <testcase assertions="0" classname="UipathProject_TestAutomation_Tests" name="Tests\RPA\RPA Tests.xaml" status="Failed" time="42.497">
      <error message="A fault occurred while executing job 35651668 for Tests\RPA\RPA Tests.xaml. Logs are available at https://cloud.uipath.com/testisltfbgw/TestingXpertsDefault/test/executions/65907/logs/35651668?fid=667126" type="Fault" />
      <system-out>Test case Tests\RPA\RPA Tests.xaml (v1.0.67415726-alpha.7) executed as job 35651668 and took 42497ms. Logs are available at https://cloud.uipath.com/testisltfbgw/TestingXpertsDefault/test/executions/65907/logs/35651668?fid=667126</system-out>
    </testcase>
  </testsuite>
</testsuites>