<?xml version="1.0" encoding="utf-8"?>
<testsuites>
  <testsuite time="161.493" tests="2" failures="0" errors="2" cancelled="0" hostname="Desktop" id="65567" name="Automated - UipathProject_TestAutomation_Tests - 1.0.67070028-alpha.7" package="UipathProject_TestAutomation_Tests_Tests-1.0.67070028-alpha.7" timestamp="2021-02-15T06:38:26.74Z">
    <testcase assertions="0" classname="UipathProject_TestAutomation_Tests" name="Tests\Application\Demo\Application Tests.xaml" status="Failed" time="120.43">
      <error message="A fault occurred while executing job 35107488 for Tests\Application\Demo\Application Tests.xaml. Logs are available at https://cloud.uipath.com/testisltfbgw/TestingXpertsDefault/test/executions/65567/logs/35107488?fid=667126" type="Fault" />
      <system-out>Test case Tests\Application\Demo\Application Tests.xaml (v1.0.67070028-alpha.7) executed as job 35107488 and took 120430ms. Logs are available at https://cloud.uipath.com/testisltfbgw/TestingXpertsDefault/test/executions/65567/logs/35107488?fid=667126</system-out>
    </testcase>
    <testcase assertions="0" classname="UipathProject_TestAutomation_Tests" name="Tests\RPA\RPA Tests.xaml" status="Failed" time="40.323">
      <error message="A fault occurred while executing job 35107489 for Tests\RPA\RPA Tests.xaml. Logs are available at https://cloud.uipath.com/testisltfbgw/TestingXpertsDefault/test/executions/65567/logs/35107489?fid=667126" type="Fault" />
      <system-out>Test case Tests\RPA\RPA Tests.xaml (v1.0.67070028-alpha.7) executed as job 35107489 and took 40323ms. Logs are available at https://cloud.uipath.com/testisltfbgw/TestingXpertsDefault/test/executions/65567/logs/35107489?fid=667126</system-out>
    </testcase>
  </testsuite>
</testsuites>