<?xml version="1.0" encoding="utf-8"?>
<testsuites>
  <testsuite time="604.236" tests="2" failures="1" errors="1" cancelled="0" hostname="Desktop" id="65729" name="Automated - UipathProject_TestAutomation_Tests - 1.0.67239115-alpha.7" package="UipathProject_TestAutomation_Tests_Tests-1.0.67239115-alpha.7" timestamp="2021-02-17T05:35:22.077Z">
    <testcase assertions="2" classname="UipathProject_TestAutomation_Tests" name="Tests\Application\Demo\Application Tests.xaml" status="Failed" time="549.86">
      <failure message="Verification failed." type="Failure" />
      <system-out>Test case Tests\Application\Demo\Application Tests.xaml (v1.0.67239115-alpha.7) executed as job 35373356 and took 549860ms. Logs are available at https://cloud.uipath.com/testisltfbgw/TestingXpertsDefault/test/executions/65729/logs/35373356?fid=667126</system-out>
    </testcase>
    <testcase assertions="0" classname="UipathProject_TestAutomation_Tests" name="Tests\RPA\RPA Tests.xaml" status="Failed" time="53.77">
      <error message="A fault occurred while executing job 35373357 for Tests\RPA\RPA Tests.xaml. Logs are available at https://cloud.uipath.com/testisltfbgw/TestingXpertsDefault/test/executions/65729/logs/35373357?fid=667126" type="Fault" />
      <system-out>Test case Tests\RPA\RPA Tests.xaml (v1.0.67239115-alpha.7) executed as job 35373357 and took 53770ms. Logs are available at https://cloud.uipath.com/testisltfbgw/TestingXpertsDefault/test/executions/65729/logs/35373357?fid=667126</system-out>
    </testcase>
  </testsuite>
</testsuites>