<?xml version="1.0" encoding="utf-8"?>
<testsuites>
  <testsuite time="484.457" tests="2" failures="1" errors="1" cancelled="0" hostname="Desktop" id="65760" name="Automated - UipathProject_TestAutomation_Tests - 1.0.67243610-alpha.7" package="UipathProject_TestAutomation_Tests_Tests-1.0.67243610-alpha.7" timestamp="2021-02-17T06:50:37.773Z">
    <testcase assertions="2" classname="UipathProject_TestAutomation_Tests" name="Tests\Application\Demo\Application Tests.xaml" status="Failed" time="443.227">
      <failure message="Verification failed." type="Failure" />
      <system-out>Test case Tests\Application\Demo\Application Tests.xaml (v1.0.67243610-alpha.7) executed as job 35380903 and took 443227ms. Logs are available at https://cloud.uipath.com/testisltfbgw/TestingXpertsDefault/test/executions/65760/logs/35380903?fid=667126</system-out>
    </testcase>
    <testcase assertions="0" classname="UipathProject_TestAutomation_Tests" name="Tests\RPA\RPA Tests.xaml" status="Failed" time="40.373">
      <error message="A fault occurred while executing job 35380904 for Tests\RPA\RPA Tests.xaml. Logs are available at https://cloud.uipath.com/testisltfbgw/TestingXpertsDefault/test/executions/65760/logs/35380904?fid=667126" type="Fault" />
      <system-out>Test case Tests\RPA\RPA Tests.xaml (v1.0.67243610-alpha.7) executed as job 35380904 and took 40373ms. Logs are available at https://cloud.uipath.com/testisltfbgw/TestingXpertsDefault/test/executions/65760/logs/35380904?fid=667126</system-out>
    </testcase>
  </testsuite>
</testsuites>