<?xml version="1.0" encoding="utf-8"?>
<testsuites>
  <testsuite time="281.13" tests="2" failures="0" errors="2" cancelled="0" hostname="Desktop" id="65422" name="Automated - UipathProject_TestAutomation_Tests - 1.0.66851707-alpha.7" package="UipathProject_TestAutomation_Tests_Tests-1.0.66851707-alpha.7" timestamp="2021-02-12T17:58:58.097Z">
    <testcase assertions="0" classname="UipathProject_TestAutomation_Tests" name="Tests\RPA\RPA Tests.xaml" status="Failed" time="185.456">
      <error message="A fault occurred while executing job 34736193 for Tests\RPA\RPA Tests.xaml. Logs are available at https://cloud.uipath.com/testisltfbgw/TestingXpertsDefault/test/executions/65422/logs/34736193?fid=667126" type="Fault" />
      <system-out>Test case Tests\RPA\RPA Tests.xaml (v1.0.66851707-alpha.7) executed as job 34736193 and took 185456ms. Logs are available at https://cloud.uipath.com/testisltfbgw/TestingXpertsDefault/test/executions/65422/logs/34736193?fid=667126</system-out>
    </testcase>
    <testcase assertions="0" classname="UipathProject_TestAutomation_Tests" name="Tests\Application\Demo\Application Tests.xaml" status="Failed" time="93.66">
      <error message="A fault occurred while executing job 34736194 for Tests\Application\Demo\Application Tests.xaml. Logs are available at https://cloud.uipath.com/testisltfbgw/TestingXpertsDefault/test/executions/65422/logs/34736194?fid=667126" type="Fault" />
      <system-out>Test case Tests\Application\Demo\Application Tests.xaml (v1.0.66851707-alpha.7) executed as job 34736194 and took 93660ms. Logs are available at https://cloud.uipath.com/testisltfbgw/TestingXpertsDefault/test/executions/65422/logs/34736194?fid=667126</system-out>
    </testcase>
  </testsuite>
</testsuites>