<?xml version="1.0" encoding="utf-8"?>
<testsuites>
  <testsuite time="152.273" tests="2" failures="0" errors="2" cancelled="0" hostname="Desktop" id="68266" name="Automated - UipathProject_TestAutomation_Tests - 1.0.69612234-alpha.7" package="UipathProject_TestAutomation_Tests_Tests-1.0.69612234-alpha.7" timestamp="2021-03-16T16:47:19.72Z">
    <testcase assertions="0" classname="UipathProject_TestAutomation_Tests" name="Tests\Application\Demo\Application Tests.xaml" status="Failed" time="145.497">
      <error message="A fault occurred while executing job 38691633 for Tests\Application\Demo\Application Tests.xaml. Logs are available at https://cloud.uipath.com/testisltfbgw/TestingXpertsDefault/test/executions/68266/logs/38691633?fid=667126" type="Fault" />
      <system-out>Test case Tests\Application\Demo\Application Tests.xaml (v1.0.69612234-alpha.7) executed as job 38691633 and took 145497ms. Logs are available at https://cloud.uipath.com/testisltfbgw/TestingXpertsDefault/test/executions/68266/logs/38691633?fid=667126</system-out>
    </testcase>
    <testcase assertions="0" classname="UipathProject_TestAutomation_Tests" name="Tests\RPA\RPA Tests.xaml" status="Failed" time="5.95">
      <error message="A fault occurred while executing job 38691634 for Tests\RPA\RPA Tests.xaml. Logs are available at https://cloud.uipath.com/testisltfbgw/TestingXpertsDefault/test/executions/68266/logs/38691634?fid=667126" type="Fault" />
      <system-out>Test case Tests\RPA\RPA Tests.xaml (v1.0.69612234-alpha.7) executed as job 38691634 and took 5950ms. Logs are available at https://cloud.uipath.com/testisltfbgw/TestingXpertsDefault/test/executions/68266/logs/38691634?fid=667126</system-out>
    </testcase>
  </testsuite>
</testsuites>