<?xml version="1.0" encoding="utf-8"?>
<testsuites>
  <testsuite time="755.7" tests="2" failures="1" errors="1" cancelled="0" hostname="Desktop" id="65647" name="Automated - UipathProject_TestAutomation_Tests - 1.0.67156862-alpha.7" package="UipathProject_TestAutomation_Tests_Tests-1.0.67156862-alpha.7" timestamp="2021-02-16T06:45:02.937Z">
    <testcase assertions="3" classname="UipathProject_TestAutomation_Tests" name="Tests\Application\Demo\Application Tests.xaml" status="Failed" time="714.056">
      <failure message="Verification failed." type="Failure" />
      <system-out>Test case Tests\Application\Demo\Application Tests.xaml (v1.0.67156862-alpha.7) executed as job 35243181 and took 714056ms. Logs are available at https://cloud.uipath.com/testisltfbgw/TestingXpertsDefault/test/executions/65647/logs/35243181?fid=667126</system-out>
    </testcase>
    <testcase assertions="0" classname="UipathProject_TestAutomation_Tests" name="Tests\RPA\RPA Tests.xaml" status="Failed" time="40.744">
      <error message="A fault occurred while executing job 35243182 for Tests\RPA\RPA Tests.xaml. Logs are available at https://cloud.uipath.com/testisltfbgw/TestingXpertsDefault/test/executions/65647/logs/35243182?fid=667126" type="Fault" />
      <system-out>Test case Tests\RPA\RPA Tests.xaml (v1.0.67156862-alpha.7) executed as job 35243182 and took 40744ms. Logs are available at https://cloud.uipath.com/testisltfbgw/TestingXpertsDefault/test/executions/65647/logs/35243182?fid=667126</system-out>
    </testcase>
  </testsuite>
</testsuites>