<?xml version="1.0" encoding="utf-8"?>
<testsuites>
  <testsuite time="642.487" tests="2" failures="0" errors="2" cancelled="0" hostname="Desktop" id="66682" name="Automated - UipathProject_TestAutomation_Tests - 1.0.68303995-alpha.7" package="UipathProject_TestAutomation_Tests_Tests-1.0.68303995-alpha.7" timestamp="2021-03-01T13:24:04.96Z">
    <testcase assertions="0" classname="UipathProject_TestAutomation_Tests" name="Tests\Application\Demo\Application Tests.xaml" status="Failed" time="601.36">
      <error message="A fault occurred while executing job 37058525 for Tests\Application\Demo\Application Tests.xaml. Logs are available at https://cloud.uipath.com/testisltfbgw/TestingXpertsDefault/test/executions/66682/logs/37058525?fid=667126" type="Fault" />
      <system-out>Test case Tests\Application\Demo\Application Tests.xaml (v1.0.68303995-alpha.7) executed as job 37058525 and took 601360ms. Logs are available at https://cloud.uipath.com/testisltfbgw/TestingXpertsDefault/test/executions/66682/logs/37058525?fid=667126</system-out>
    </testcase>
    <testcase assertions="0" classname="UipathProject_TestAutomation_Tests" name="Tests\RPA\RPA Tests.xaml" status="Failed" time="40.207">
      <error message="A fault occurred while executing job 37058526 for Tests\RPA\RPA Tests.xaml. Logs are available at https://cloud.uipath.com/testisltfbgw/TestingXpertsDefault/test/executions/66682/logs/37058526?fid=667126" type="Fault" />
      <system-out>Test case Tests\RPA\RPA Tests.xaml (v1.0.68303995-alpha.7) executed as job 37058526 and took 40207ms. Logs are available at https://cloud.uipath.com/testisltfbgw/TestingXpertsDefault/test/executions/66682/logs/37058526?fid=667126</system-out>
    </testcase>
  </testsuite>
</testsuites>