<?xml version="1.0" encoding="utf-8"?>
<testsuites>
  <testsuite time="150.76" tests="2" failures="0" errors="2" cancelled="0" hostname="Desktop" id="65923" name="Automated - UipathProject_TestAutomation_Tests - 1.0.67427655-alpha.7" package="UipathProject_TestAutomation_Tests_Tests-1.0.67427655-alpha.7" timestamp="2021-02-19T09:57:58.933Z">
    <testcase assertions="0" classname="UipathProject_TestAutomation_Tests" name="Tests\Application\Demo\Application Tests.xaml" status="Failed" time="106.83">
      <error message="A fault occurred while executing job 35672969 for Tests\Application\Demo\Application Tests.xaml. Logs are available at https://cloud.uipath.com/testisltfbgw/TestingXpertsDefault/test/executions/65923/logs/35672969?fid=667126" type="Fault" />
      <system-out>Test case Tests\Application\Demo\Application Tests.xaml (v1.0.67427655-alpha.7) executed as job 35672969 and took 106830ms. Logs are available at https://cloud.uipath.com/testisltfbgw/TestingXpertsDefault/test/executions/65923/logs/35672969?fid=667126</system-out>
    </testcase>
    <testcase assertions="0" classname="UipathProject_TestAutomation_Tests" name="Tests\RPA\RPA Tests.xaml" status="Failed" time="43.023">
      <error message="A fault occurred while executing job 35672970 for Tests\RPA\RPA Tests.xaml. Logs are available at https://cloud.uipath.com/testisltfbgw/TestingXpertsDefault/test/executions/65923/logs/35672970?fid=667126" type="Fault" />
      <system-out>Test case Tests\RPA\RPA Tests.xaml (v1.0.67427655-alpha.7) executed as job 35672970 and took 43023ms. Logs are available at https://cloud.uipath.com/testisltfbgw/TestingXpertsDefault/test/executions/65923/logs/35672970?fid=667126</system-out>
    </testcase>
  </testsuite>
</testsuites>