<?xml version="1.0" encoding="utf-8"?>
<testsuites>
  <testsuite time="589.907" tests="2" failures="1" errors="1" cancelled="0" hostname="Desktop" id="65727" name="Automated - UipathProject_TestAutomation_Tests - 1.0.67238264-alpha.7" package="UipathProject_TestAutomation_Tests_Tests-1.0.67238264-alpha.7" timestamp="2021-02-17T05:21:05.973Z">
    <testcase assertions="2" classname="UipathProject_TestAutomation_Tests" name="Tests\Application\Demo\Application Tests.xaml" status="Failed" time="548.85">
      <failure message="Verification failed." type="Failure" />
      <system-out>Test case Tests\Application\Demo\Application Tests.xaml (v1.0.67238264-alpha.7) executed as job 35372031 and took 548850ms. Logs are available at https://cloud.uipath.com/testisltfbgw/TestingXpertsDefault/test/executions/65727/logs/35372031?fid=667126</system-out>
    </testcase>
    <testcase assertions="0" classname="UipathProject_TestAutomation_Tests" name="Tests\RPA\RPA Tests.xaml" status="Failed" time="40.17">
      <error message="A fault occurred while executing job 35372032 for Tests\RPA\RPA Tests.xaml. Logs are available at https://cloud.uipath.com/testisltfbgw/TestingXpertsDefault/test/executions/65727/logs/35372032?fid=667126" type="Fault" />
      <system-out>Test case Tests\RPA\RPA Tests.xaml (v1.0.67238264-alpha.7) executed as job 35372032 and took 40170ms. Logs are available at https://cloud.uipath.com/testisltfbgw/TestingXpertsDefault/test/executions/65727/logs/35372032?fid=667126</system-out>
    </testcase>
  </testsuite>
</testsuites>