<?xml version="1.0" encoding="utf-8"?>
<testsuites>
  <testsuite time="755.813" tests="2" failures="1" errors="1" cancelled="0" hostname="Desktop" id="65781" name="Automated - UipathProject_TestAutomation_Tests - 1.0.67266783-alpha.7" package="UipathProject_TestAutomation_Tests_Tests-1.0.67266783-alpha.7" timestamp="2021-02-17T13:16:37.05Z">
    <testcase assertions="3" classname="UipathProject_TestAutomation_Tests" name="Tests\Application\Demo\Application Tests.xaml" status="Failed" time="595.417">
      <failure message="Verification failed." type="Failure" />
      <system-out>Test case Tests\Application\Demo\Application Tests.xaml (v1.0.67266783-alpha.7) executed as job 35413790 and took 595417ms. Logs are available at https://cloud.uipath.com/testisltfbgw/TestingXpertsDefault/test/executions/65781/logs/35413790?fid=667126</system-out>
    </testcase>
    <testcase assertions="0" classname="UipathProject_TestAutomation_Tests" name="Tests\RPA\RPA Tests.xaml" status="Failed" time="159.73">
      <error message="A fault occurred while executing job 35413791 for Tests\RPA\RPA Tests.xaml. Logs are available at https://cloud.uipath.com/testisltfbgw/TestingXpertsDefault/test/executions/65781/logs/35413791?fid=667126" type="Fault" />
      <system-out>Test case Tests\RPA\RPA Tests.xaml (v1.0.67266783-alpha.7) executed as job 35413791 and took 159730ms. Logs are available at https://cloud.uipath.com/testisltfbgw/TestingXpertsDefault/test/executions/65781/logs/35413791?fid=667126</system-out>
    </testcase>
  </testsuite>
</testsuites>