<?xml version="1.0" encoding="utf-8"?>
<testsuites>
  <testsuite time="616.45" tests="2" failures="0" errors="2" cancelled="0" hostname="Desktop" id="65646" name="Automated - UipathProject_TestAutomation_Tests - 1.0.67156092-alpha.7" package="UipathProject_TestAutomation_Tests_Tests-1.0.67156092-alpha.7" timestamp="2021-02-16T06:32:06.293Z">
    <testcase assertions="0" classname="UipathProject_TestAutomation_Tests" name="Tests\Application\Demo\Application Tests.xaml" status="Failed" time="575.367">
      <error message="A fault occurred while executing job 35241995 for Tests\Application\Demo\Application Tests.xaml. Logs are available at https://cloud.uipath.com/testisltfbgw/TestingXpertsDefault/test/executions/65646/logs/35241995?fid=667126" type="Fault" />
      <system-out>Test case Tests\Application\Demo\Application Tests.xaml (v1.0.67156092-alpha.7) executed as job 35241995 and took 575367ms. Logs are available at https://cloud.uipath.com/testisltfbgw/TestingXpertsDefault/test/executions/65646/logs/35241995?fid=667126</system-out>
    </testcase>
    <testcase assertions="0" classname="UipathProject_TestAutomation_Tests" name="Tests\RPA\RPA Tests.xaml" status="Failed" time="40.11">
      <error message="A fault occurred while executing job 35241996 for Tests\RPA\RPA Tests.xaml. Logs are available at https://cloud.uipath.com/testisltfbgw/TestingXpertsDefault/test/executions/65646/logs/35241996?fid=667126" type="Fault" />
      <system-out>Test case Tests\RPA\RPA Tests.xaml (v1.0.67156092-alpha.7) executed as job 35241996 and took 40110ms. Logs are available at https://cloud.uipath.com/testisltfbgw/TestingXpertsDefault/test/executions/65646/logs/35241996?fid=667126</system-out>
    </testcase>
  </testsuite>
</testsuites>