<?xml version="1.0" encoding="utf-8"?>
<testsuites>
  <testsuite time="516.177" tests="2" failures="0" errors="2" cancelled="0" hostname="Desktop" id="66684" name="Automated - UipathProject_TestAutomation_Tests - 1.0.68305114-alpha.7" package="UipathProject_TestAutomation_Tests_Tests-1.0.68305114-alpha.7" timestamp="2021-03-01T13:42:54.473Z">
    <testcase assertions="0" classname="UipathProject_TestAutomation_Tests" name="Tests\Application\Demo\Application Tests.xaml" status="Failed" time="474.497">
      <error message="A fault occurred while executing job 37060399 for Tests\Application\Demo\Application Tests.xaml. Logs are available at https://cloud.uipath.com/testisltfbgw/TestingXpertsDefault/test/executions/66684/logs/37060399?fid=667126" type="Fault" />
      <system-out>Test case Tests\Application\Demo\Application Tests.xaml (v1.0.68305114-alpha.7) executed as job 37060399 and took 474497ms. Logs are available at https://cloud.uipath.com/testisltfbgw/TestingXpertsDefault/test/executions/66684/logs/37060399?fid=667126</system-out>
    </testcase>
    <testcase assertions="0" classname="UipathProject_TestAutomation_Tests" name="Tests\RPA\RPA Tests.xaml" status="Failed" time="41.03">
      <error message="A fault occurred while executing job 37060400 for Tests\RPA\RPA Tests.xaml. Logs are available at https://cloud.uipath.com/testisltfbgw/TestingXpertsDefault/test/executions/66684/logs/37060400?fid=667126" type="Fault" />
      <system-out>Test case Tests\RPA\RPA Tests.xaml (v1.0.68305114-alpha.7) executed as job 37060400 and took 41030ms. Logs are available at https://cloud.uipath.com/testisltfbgw/TestingXpertsDefault/test/executions/66684/logs/37060400?fid=667126</system-out>
    </testcase>
  </testsuite>
</testsuites>