<?xml version="1.0" encoding="utf-8"?>
<testsuites>
  <testsuite time="458.634" tests="2" failures="0" errors="2" cancelled="0" hostname="Desktop" id="68268" name="Automated - UipathProject_TestAutomation_Tests - 1.0.69612732-alpha.7" package="UipathProject_TestAutomation_Tests_Tests-1.0.69612732-alpha.7" timestamp="2021-03-16T16:55:36.613Z">
    <testcase assertions="0" classname="UipathProject_TestAutomation_Tests" name="Tests\Application\Demo\Application Tests.xaml" status="Failed" time="272.144">
      <error message="A fault occurred while executing job 38692183 for Tests\Application\Demo\Application Tests.xaml. Logs are available at https://cloud.uipath.com/testisltfbgw/TestingXpertsDefault/test/executions/68268/logs/38692183?fid=667126" type="Fault" />
      <system-out>Test case Tests\Application\Demo\Application Tests.xaml (v1.0.69612732-alpha.7) executed as job 38692183 and took 272144ms. Logs are available at https://cloud.uipath.com/testisltfbgw/TestingXpertsDefault/test/executions/68268/logs/38692183?fid=667126</system-out>
    </testcase>
    <testcase assertions="0" classname="UipathProject_TestAutomation_Tests" name="Tests\RPA\RPA Tests.xaml" status="Failed" time="185.494">
      <error message="A fault occurred while executing job 38692184 for Tests\RPA\RPA Tests.xaml. Logs are available at https://cloud.uipath.com/testisltfbgw/TestingXpertsDefault/test/executions/68268/logs/38692184?fid=667126" type="Fault" />
      <system-out>Test case Tests\RPA\RPA Tests.xaml (v1.0.69612732-alpha.7) executed as job 38692184 and took 185494ms. Logs are available at https://cloud.uipath.com/testisltfbgw/TestingXpertsDefault/test/executions/68268/logs/38692184?fid=667126</system-out>
    </testcase>
  </testsuite>
</testsuites>