<?xml version="1.0" encoding="utf-8"?>
<testsuites>
  <testsuite time="96.1" tests="2" failures="0" errors="2" cancelled="0" hostname="Desktop" id="68271" name="Automated - UipathProject_TestAutomation_Tests - 1.0.69613648-alpha.7" package="UipathProject_TestAutomation_Tests_Tests-1.0.69613648-alpha.7" timestamp="2021-03-16T17:11:09.247Z">
    <testcase assertions="0" classname="UipathProject_TestAutomation_Tests" name="Tests\Application\Demo\Application Tests.xaml" status="Failed" time="87.133">
      <error message="A fault occurred while executing job 38693509 for Tests\Application\Demo\Application Tests.xaml. Logs are available at https://cloud.uipath.com/testisltfbgw/TestingXpertsDefault/test/executions/68271/logs/38693509?fid=667126" type="Fault" />
      <system-out>Test case Tests\Application\Demo\Application Tests.xaml (v1.0.69613648-alpha.7) executed as job 38693509 and took 87133ms. Logs are available at https://cloud.uipath.com/testisltfbgw/TestingXpertsDefault/test/executions/68271/logs/38693509?fid=667126</system-out>
    </testcase>
    <testcase assertions="0" classname="UipathProject_TestAutomation_Tests" name="Tests\RPA\RPA Tests.xaml" status="Failed" time="8.03">
      <error message="A fault occurred while executing job 38693510 for Tests\RPA\RPA Tests.xaml. Logs are available at https://cloud.uipath.com/testisltfbgw/TestingXpertsDefault/test/executions/68271/logs/38693510?fid=667126" type="Fault" />
      <system-out>Test case Tests\RPA\RPA Tests.xaml (v1.0.69613648-alpha.7) executed as job 38693510 and took 8030ms. Logs are available at https://cloud.uipath.com/testisltfbgw/TestingXpertsDefault/test/executions/68271/logs/38693510?fid=667126</system-out>
    </testcase>
  </testsuite>
</testsuites>