<?xml version="1.0" encoding="utf-8"?>
<testsuites>
  <testsuite time="276.34" tests="2" failures="0" errors="2" cancelled="0" hostname="Desktop" id="68581" name="Automated - UipathProject_TestAutomation_Tests - 1.0.69786188-alpha.7" package="UipathProject_TestAutomation_Tests_Tests-1.0.69786188-alpha.7" timestamp="2021-03-18T17:06:55.737Z">
    <testcase assertions="0" classname="UipathProject_TestAutomation_Tests" name="Tests\Application\Demo\Application Tests.xaml" status="Failed" time="269.016">
      <error message="A fault occurred while executing job 38917179 for Tests\Application\Demo\Application Tests.xaml. Logs are available at https://cloud.uipath.com/testisltfbgw/TestingXpertsDefault/test/executions/68581/logs/38917179?fid=667126" type="Fault" />
      <system-out>Test case Tests\Application\Demo\Application Tests.xaml (v1.0.69786188-alpha.7) executed as job 38917179 and took 269016ms. Logs are available at https://cloud.uipath.com/testisltfbgw/TestingXpertsDefault/test/executions/68581/logs/38917179?fid=667126</system-out>
    </testcase>
    <testcase assertions="0" classname="UipathProject_TestAutomation_Tests" name="Tests\RPA\RPA Tests.xaml" status="Failed" time="5.924">
      <error message="A fault occurred while executing job 38917180 for Tests\RPA\RPA Tests.xaml. Logs are available at https://cloud.uipath.com/testisltfbgw/TestingXpertsDefault/test/executions/68581/logs/38917180?fid=667126" type="Fault" />
      <system-out>Test case Tests\RPA\RPA Tests.xaml (v1.0.69786188-alpha.7) executed as job 38917180 and took 5924ms. Logs are available at https://cloud.uipath.com/testisltfbgw/TestingXpertsDefault/test/executions/68581/logs/38917180?fid=667126</system-out>
    </testcase>
  </testsuite>
</testsuites>