<?xml version="1.0" encoding="utf-8"?>
<testsuites>
  <testsuite time="212.927" tests="2" failures="0" errors="2" cancelled="0" hostname="Desktop" id="66685" name="Automated - UipathProject_TestAutomation_Tests - 1.0.68306151-alpha.7" package="UipathProject_TestAutomation_Tests_Tests-1.0.68306151-alpha.7" timestamp="2021-03-01T14:00:17.033Z">
    <testcase assertions="0" classname="UipathProject_TestAutomation_Tests" name="Tests\Application\Demo\Application Tests.xaml" status="Failed" time="126.967">
      <error message="A fault occurred while executing job 37062019 for Tests\Application\Demo\Application Tests.xaml. Logs are available at https://cloud.uipath.com/testisltfbgw/TestingXpertsDefault/test/executions/66685/logs/37062019?fid=667126" type="Fault" />
      <system-out>Test case Tests\Application\Demo\Application Tests.xaml (v1.0.68306151-alpha.7) executed as job 37062019 and took 126967ms. Logs are available at https://cloud.uipath.com/testisltfbgw/TestingXpertsDefault/test/executions/66685/logs/37062019?fid=667126</system-out>
    </testcase>
    <testcase assertions="0" classname="UipathProject_TestAutomation_Tests" name="Tests\RPA\RPA Tests.xaml" status="Failed" time="85.333">
      <error message="A fault occurred while executing job 37062020 for Tests\RPA\RPA Tests.xaml. Logs are available at https://cloud.uipath.com/testisltfbgw/TestingXpertsDefault/test/executions/66685/logs/37062020?fid=667126" type="Fault" />
      <system-out>Test case Tests\RPA\RPA Tests.xaml (v1.0.68306151-alpha.7) executed as job 37062020 and took 85333ms. Logs are available at https://cloud.uipath.com/testisltfbgw/TestingXpertsDefault/test/executions/66685/logs/37062020?fid=667126</system-out>
    </testcase>
  </testsuite>
</testsuites>